<?xml version="1.0" encoding="UTF-8"?>
<testsuite name="raisetech.StudentManagement.service.StudentServiceTest" tests="6" skipped="0" failures="0" errors="0" timestamp="2025-09-13T08:44:15.281Z" hostname="USERnoMacBook-Pro.local" time="0.556">
  <properties/>
  <testcase name="updateStudent_リポジトリの更新処理が適切に呼び出せていること()" classname="raisetech.StudentManagement.service.StudentServiceTest" time="0.536"/>
  <testcase name="findCoursesById_リポジトリの検索処理が適切に呼び出せていること()" classname="raisetech.StudentManagement.service.StudentServiceTest" time="0.004"/>
  <testcase name="searchStudent_リポジトリとコンバーターの処理が適切に呼び出せていること()" classname="raisetech.StudentManagement.service.StudentServiceTest" time="0.004"/>
  <testcase name="registerStudent_リポジトリの登録処理が適切に呼び出せていること()" classname="raisetech.StudentManagement.service.StudentServiceTest" time="0.004"/>
  <testcase name="searchStudentsCourseList_リポジトリの処理が適切に呼び出せていること()" classname="raisetech.StudentManagement.service.StudentServiceTest" time="0.002"/>
  <testcase name="findById_リポジトリの検索処理が適切に呼び出せていること()" classname="raisetech.StudentManagement.service.StudentServiceTest" time="0.002"/>
  <system-out><![CDATA[]]></system-out>
  <system-err><![CDATA[Mockito is currently self-attaching to enable the inline-mock-maker. This will no longer work in future releases of the JDK. Please add Mockito as an agent to your build as described in Mockito's documentation: https://javadoc.io/doc/org.mockito/mockito-core/latest/org.mockito/org/mockito/Mockito.html#0.3
WARNING: A Java agent has been loaded dynamically (/Users/user/.gradle/caches/modules-2/files-2.1/net.bytebuddy/byte-buddy-agent/1.17.6/17b32fd9f57deef02842f7f05abc4ad8127fe34e/byte-buddy-agent-1.17.6.jar)
WARNING: If a serviceability tool is in use, please run with -XX:+EnableDynamicAgentLoading to hide this warning
WARNING: If a serviceability tool is not in use, please run with -Djdk.instrument.traceUsage for more information
WARNING: Dynamic loading of agents will be disallowed by default in a future release
]]></system-err>
</testsuite>
