<?xml version="1.0" encoding="UTF-8"?>
<testsuite name="raisetech.StudentManagement.controller.StudentControllerTest" tests="7" skipped="0" failures="0" errors="0" timestamp="2025-09-26T09:22:29.962Z" hostname="USERnoMacBook-Pro.local" time="0.24">
  <properties/>
  <testcase name="申込状況で受講生を検索すると、正しいJSONが返されること" classname="raisetech.StudentManagement.controller.StudentControllerTest" time="0.098"/>
  <testcase name="コースとステータスの取得APIが正しいJSONを返すこと" classname="raisetech.StudentManagement.controller.StudentControllerTest" time="0.005"/>
  <testcase name="新規登録の内容が成功すると200が返ってくること()" classname="raisetech.StudentManagement.controller.StudentControllerTest" time="0.103"/>
  <testcase name="受講生詳細の登録が実行できて空で返ってくること()" classname="raisetech.StudentManagement.controller.StudentControllerTest" time="0.005"/>
  <testcase name="新規登録でバリデーションに失敗したときに400が返ってくること()" classname="raisetech.StudentManagement.controller.StudentControllerTest" time="0.012"/>
  <testcase name="受講生詳細の一覧検索が実行できて空のリストが返ってくること()" classname="raisetech.StudentManagement.controller.StudentControllerTest" time="0.006"/>
  <testcase name="更新処理でバリデーションに失敗したときに400が返ってくること()" classname="raisetech.StudentManagement.controller.StudentControllerTest" time="0.005"/>
  <system-out><![CDATA[18:22:28.649 [Test worker] INFO org.springframework.test.context.support.AnnotationConfigContextLoaderUtils -- Could not detect default configuration classes for test class [raisetech.StudentManagement.controller.StudentControllerTest]: StudentControllerTest does not declare any static, non-private, non-final, nested classes annotated with @Configuration.
18:22:28.727 [Test worker] INFO org.springframework.boot.test.context.SpringBootTestContextBootstrapper -- Found @SpringBootConfiguration raisetech.StudentManagement.StudentManagementApplication for test class raisetech.StudentManagement.controller.StudentControllerTest

  .   ____          _            __ _ _
 /\\ / ___'_ __ _ _(_)_ __  __ _ \ \ \ \
( ( )\___ | '_ | '_| | '_ \/ _` | \ \ \ \
 \\/  ___)| |_)| | | | | || (_| |  ) ) ) )
  '  |____| .__|_| |_|_| |_\__, | / / / /
 =========|_|==============|___/=/_/_/_/

 :: Spring Boot ::                (v3.5.3)

2025-09-26T18:22:29.012+09:00  INFO 3395 --- [StudentManagement] [    Test worker] r.S.controller.StudentControllerTest     : Starting StudentControllerTest using Java 21.0.7 with PID 3395 (started by user in /Users/user/IdeaProjects/StudyByRaiseTech)
2025-09-26T18:22:29.013+09:00  INFO 3395 --- [StudentManagement] [    Test worker] r.S.controller.StudentControllerTest     : No active profile set, falling back to 1 default profile: "default"
2025-09-26T18:22:29.942+09:00  INFO 3395 --- [StudentManagement] [    Test worker] o.s.b.t.m.w.SpringBootMockServletContext : Initializing Spring TestDispatcherServlet ''
2025-09-26T18:22:29.942+09:00  INFO 3395 --- [StudentManagement] [    Test worker] o.s.t.web.servlet.TestDispatcherServlet  : Initializing Servlet ''
2025-09-26T18:22:29.943+09:00  INFO 3395 --- [StudentManagement] [    Test worker] o.s.t.web.servlet.TestDispatcherServlet  : Completed initialization in 1 ms
2025-09-26T18:22:29.957+09:00  INFO 3395 --- [StudentManagement] [    Test worker] r.S.controller.StudentControllerTest     : Started StudentControllerTest in 1.13 seconds (process running for 1.859)
]]></system-out>
  <system-err><![CDATA[Mockito is currently self-attaching to enable the inline-mock-maker. This will no longer work in future releases of the JDK. Please add Mockito as an agent to your build as described in Mockito's documentation: https://javadoc.io/doc/org.mockito/mockito-core/latest/org.mockito/org/mockito/Mockito.html#0.3
WARNING: A Java agent has been loaded dynamically (/Users/user/.gradle/caches/modules-2/files-2.1/net.bytebuddy/byte-buddy-agent/1.17.6/17b32fd9f57deef02842f7f05abc4ad8127fe34e/byte-buddy-agent-1.17.6.jar)
WARNING: If a serviceability tool is in use, please run with -XX:+EnableDynamicAgentLoading to hide this warning
WARNING: If a serviceability tool is not in use, please run with -Djdk.instrument.traceUsage for more information
WARNING: Dynamic loading of agents will be disallowed by default in a future release
]]></system-err>
</testsuite>
