<?xml version="1.0" encoding="UTF-8"?>
<testsuite name="raisetech.StudentManagement.repository.StudentRepositoryTest" tests="7" skipped="0" failures="0" errors="0" timestamp="2025-09-26T07:05:54.292Z" hostname="USERnoMacBook-Pro.local" time="0.446">
  <properties/>
  <testcase name="既存の受講生情報が正しく更新できること" classname="raisetech.StudentManagement.repository.StudentRepositoryTest" time="0.4"/>
  <testcase name="申込状況が「受講中」の受講生を検索できること" classname="raisetech.StudentManagement.repository.StudentRepositoryTest" time="0.005"/>
  <testcase name="IDで受講生のコース情報が取得できること" classname="raisetech.StudentManagement.repository.StudentRepositoryTest" time="0.004"/>
  <testcase name="受講生の全件検索が行えること()" classname="raisetech.StudentManagement.repository.StudentRepositoryTest" time="0.023"/>
  <testcase name="受講生の登録が行えること()" classname="raisetech.StudentManagement.repository.StudentRepositoryTest" time="0.002"/>
  <testcase name="コースと申込状況が正しく取得できること" classname="raisetech.StudentManagement.repository.StudentRepositoryTest" time="0.004"/>
  <testcase name="IDで受講生情報が取得できること" classname="raisetech.StudentManagement.repository.StudentRepositoryTest" time="0.003"/>
  <system-out><![CDATA[16:05:53.641 [Test worker] INFO org.springframework.test.context.support.AnnotationConfigContextLoaderUtils -- Could not detect default configuration classes for test class [raisetech.StudentManagement.repository.StudentRepositoryTest]: StudentRepositoryTest does not declare any static, non-private, non-final, nested classes annotated with @Configuration.
16:05:53.698 [Test worker] INFO org.springframework.boot.test.context.SpringBootTestContextBootstrapper -- Found @SpringBootConfiguration raisetech.StudentManagement.StudentManagementApplication for test class raisetech.StudentManagement.repository.StudentRepositoryTest

  .   ____          _            __ _ _
 /\\ / ___'_ __ _ _(_)_ __  __ _ \ \ \ \
( ( )\___ | '_ | '_| | '_ \/ _` | \ \ \ \
 \\/  ___)| |_)| | | | | || (_| |  ) ) ) )
  '  |____| .__|_| |_|_| |_\__, | / / / /
 =========|_|==============|___/=/_/_/_/

 :: Spring Boot ::                (v3.5.3)

2025-09-26T16:05:53.871+09:00  INFO 1943 --- [StudentManagement] [    Test worker] r.S.repository.StudentRepositoryTest     : Starting StudentRepositoryTest using Java 21.0.7 with PID 1943 (started by user in /Users/user/IdeaProjects/StudyByRaiseTech)
2025-09-26T16:05:53.872+09:00  INFO 1943 --- [StudentManagement] [    Test worker] r.S.repository.StudentRepositoryTest     : No active profile set, falling back to 1 default profile: "default"
2025-09-26T16:05:54.037+09:00  INFO 1943 --- [StudentManagement] [    Test worker] beddedDataSourceBeanFactoryPostProcessor : Replacing 'dataSource' DataSource bean with embedded version
2025-09-26T16:05:54.095+09:00  INFO 1943 --- [StudentManagement] [    Test worker] o.s.j.d.e.EmbeddedDatabaseFactory        : Starting embedded database: url='jdbc:h2:mem:5d363be1-66ef-4e5b-80f1-a29ddac081de;DB_CLOSE_DELAY=-1;DB_CLOSE_ON_EXIT=false', username='sa'
2025-09-26T16:05:54.287+09:00  INFO 1943 --- [StudentManagement] [    Test worker] r.S.repository.StudentRepositoryTest     : Started StudentRepositoryTest in 0.557 seconds (process running for 1.034)
]]></system-out>
  <system-err><![CDATA[Mockito is currently self-attaching to enable the inline-mock-maker. This will no longer work in future releases of the JDK. Please add Mockito as an agent to your build as described in Mockito's documentation: https://javadoc.io/doc/org.mockito/mockito-core/latest/org.mockito/org/mockito/Mockito.html#0.3
WARNING: A Java agent has been loaded dynamically (/Users/user/.gradle/caches/modules-2/files-2.1/net.bytebuddy/byte-buddy-agent/1.17.6/17b32fd9f57deef02842f7f05abc4ad8127fe34e/byte-buddy-agent-1.17.6.jar)
WARNING: If a serviceability tool is in use, please run with -XX:+EnableDynamicAgentLoading to hide this warning
WARNING: If a serviceability tool is not in use, please run with -Djdk.instrument.traceUsage for more information
WARNING: Dynamic loading of agents will be disallowed by default in a future release
]]></system-err>
</testsuite>
