<?xml version="1.0" encoding="UTF-8"?>
<testsuite name="raisetech.StudentManagement.controller.StudentControllerTest" tests="1" skipped="0" failures="0" errors="0" timestamp="2025-09-17T06:45:13.785Z" hostname="USERnoMacBook-Pro.local" time="0.14">
  <properties/>
  <testcase name="受講生詳細の登録が実行できて空で返ってくること()" classname="raisetech.StudentManagement.controller.StudentControllerTest" time="0.14"/>
  <system-out><![CDATA[15:45:12.581 [Test worker] INFO org.springframework.test.context.support.AnnotationConfigContextLoaderUtils -- Could not detect default configuration classes for test class [raisetech.StudentManagement.controller.StudentControllerTest]: StudentControllerTest does not declare any static, non-private, non-final, nested classes annotated with @Configuration.
15:45:12.647 [Test worker] INFO org.springframework.boot.test.context.SpringBootTestContextBootstrapper -- Found @SpringBootConfiguration raisetech.StudentManagement.StudentManagementApplication for test class raisetech.StudentManagement.controller.StudentControllerTest

  .   ____          _            __ _ _
 /\\ / ___'_ __ _ _(_)_ __  __ _ \ \ \ \
( ( )\___ | '_ | '_| | '_ \/ _` | \ \ \ \
 \\/  ___)| |_)| | | | | || (_| |  ) ) ) )
  '  |____| .__|_| |_|_| |_\__, | / / / /
 =========|_|==============|___/=/_/_/_/

 :: Spring Boot ::                (v3.5.3)

2025-09-17T15:45:12.870+09:00  INFO 29984 --- [StudentManagement] [    Test worker] r.S.controller.StudentControllerTest     : Starting StudentControllerTest using Java 21.0.7 with PID 29984 (started by user in /Users/user/IdeaProjects/StudyByRaiseTech)
2025-09-17T15:45:12.871+09:00  INFO 29984 --- [StudentManagement] [    Test worker] r.S.controller.StudentControllerTest     : No active profile set, falling back to 1 default profile: "default"
2025-09-17T15:45:13.762+09:00  INFO 29984 --- [StudentManagement] [    Test worker] o.s.b.t.m.w.SpringBootMockServletContext : Initializing Spring TestDispatcherServlet ''
2025-09-17T15:45:13.763+09:00  INFO 29984 --- [StudentManagement] [    Test worker] o.s.t.web.servlet.TestDispatcherServlet  : Initializing Servlet ''
2025-09-17T15:45:13.764+09:00  INFO 29984 --- [StudentManagement] [    Test worker] o.s.t.web.servlet.TestDispatcherServlet  : Completed initialization in 0 ms
2025-09-17T15:45:13.779+09:00  INFO 29984 --- [StudentManagement] [    Test worker] r.S.controller.StudentControllerTest     : Started StudentControllerTest in 1.048 seconds (process running for 1.579)
]]></system-out>
  <system-err><![CDATA[Mockito is currently self-attaching to enable the inline-mock-maker. This will no longer work in future releases of the JDK. Please add Mockito as an agent to your build as described in Mockito's documentation: https://javadoc.io/doc/org.mockito/mockito-core/latest/org.mockito/org/mockito/Mockito.html#0.3
WARNING: A Java agent has been loaded dynamically (/Users/user/.gradle/caches/modules-2/files-2.1/net.bytebuddy/byte-buddy-agent/1.17.6/17b32fd9f57deef02842f7f05abc4ad8127fe34e/byte-buddy-agent-1.17.6.jar)
WARNING: If a serviceability tool is in use, please run with -XX:+EnableDynamicAgentLoading to hide this warning
WARNING: If a serviceability tool is not in use, please run with -Djdk.instrument.traceUsage for more information
WARNING: Dynamic loading of agents will be disallowed by default in a future release
]]></system-err>
</testsuite>
